<?xml version="1.0" encoding="UTF-8" ?>
<testsuite errors="0" failures="0" hostname="DESKTOP-MVD4EN8" name="de.htw.berlin.polysun4diac.forte.comm.IPCommLayerTest" skipped="0" tests="4" time="0.069" timestamp="2017-08-02T08:50:31">
  <properties>
[...]
</properties>
  <testcase classname="de.htw.berlin.polysun4diac.forte.comm.IPCommLayerTest" name="testCreateServer" time="0.003" />
  <testcase classname="de.htw.berlin.polysun4diac.forte.comm.IPCommLayerTest" name="testCreateSubscriber" time="0.0" />
  <testcase classname="de.htw.berlin.polysun4diac.forte.comm.IPCommLayerTest" name="testCreatePublisher" time="0.0" />
  <testcase classname="de.htw.berlin.polysun4diac.forte.comm.IPCommLayerTest" name="testCreateClient" time="0.0" />
  <system-out><![CDATA[]]></system-out>
  <system-err><![CDATA[]]></system-err>
</testsuite>
